[10:09:29] This is prokka 1.14.6
[10:09:29] Written by Torsten Seemann <torsten.seemann@gmail.com>
[10:09:29] Homepage is https://github.com/tseemann/prokka
[10:09:29] Local time is Fri Dec 13 10:09:29 2024
[10:09:29] You are gsi
[10:09:29] Operating system is linux
[10:09:29] You have BioPerl 1.7.8
[10:09:29] System has 16 cores.
[10:09:29] Will use maximum of 8 cores.
[10:09:29] Annotating as >>> Bacteria <<<
[10:09:29] Generating locus_tag from 'fasta/ERR12488031_1.consensus.fa' contents.
[10:09:29] Setting --locustag KDEIODNE from MD5 4de28d7e94f5abe079304d8a666d37c4
[10:09:29] Creating new output folder: PROKKA_12132024
[10:09:29] Running: mkdir -p PROKKA_12132024
[10:09:29] Using filename prefix: PROKKA_12132024.XXX
[10:09:29] Setting HMMER_NCPU=1
[10:09:29] Writing log to: PROKKA_12132024/PROKKA_12132024.log
[10:09:29] Command: /home/gsi/anaconda3/envs/prokka/bin/prokka --genus Mycobacterium --species tuberculosis --usegenus fasta/ERR12488031_1.consensus.fa
[10:09:29] Appending to PATH: /home/gsi/anaconda3/envs/prokka/bin
[10:09:29] Looking for 'aragorn' - found /home/gsi/anaconda3/envs/prokka/bin/aragorn
[10:09:29] Determined aragorn version is 001002 from 'ARAGORN v1.2.41 Dean Laslett'
[10:09:29] Looking for 'barrnap' - found /home/gsi/anaconda3/envs/prokka/bin/barrnap
[10:09:29] Determined barrnap version is 000009 from 'barrnap 0.9'
[10:09:29] Looking for 'blastp' - found /home/gsi/anaconda3/envs/prokka/bin/blastp
[10:09:29] Determined blastp version is 002014 from 'blastp: 2.14.1+'
[10:09:29] Looking for 'cmpress' - found /home/gsi/anaconda3/envs/prokka/bin/cmpress
[10:09:29] Determined cmpress version is 001001 from '# INFERNAL 1.1.4 (Dec 2020)'
[10:09:29] Looking for 'cmscan' - found /home/gsi/anaconda3/envs/prokka/bin/cmscan
[10:09:29] Determined cmscan version is 001001 from '# INFERNAL 1.1.4 (Dec 2020)'
[10:09:29] Looking for 'egrep' - found /usr/bin/egrep
[10:09:29] Looking for 'find' - found /usr/bin/find
[10:09:29] Looking for 'grep' - found /usr/bin/grep
[10:09:29] Looking for 'hmmpress' - found /home/gsi/anaconda3/envs/prokka/bin/hmmpress
[10:09:29] Determined hmmpress version is 003003 from '# HMMER 3.3.2 (Nov 2020); http://hmmer.org/'
[10:09:29] Looking for 'hmmscan' - found /home/gsi/anaconda3/envs/prokka/bin/hmmscan
[10:09:29] Determined hmmscan version is 003003 from '# HMMER 3.3.2 (Nov 2020); http://hmmer.org/'
[10:09:29] Looking for 'java' - found /home/gsi/anaconda3/envs/prokka/bin/java
[10:09:29] Looking for 'makeblastdb' - found /home/gsi/anaconda3/envs/prokka/bin/makeblastdb
[10:09:30] Determined makeblastdb version is 002014 from 'makeblastdb: 2.14.1+'
[10:09:30] Looking for 'minced' - found /home/gsi/anaconda3/envs/prokka/bin/minced
[10:09:30] Determined minced version is 004002 from 'minced 0.4.2'
[10:09:30] Looking for 'parallel' - found /home/gsi/anaconda3/envs/prokka/bin/parallel
[10:09:30] Determined parallel version is 20230922 from 'GNU parallel 20230922'
[10:09:30] Looking for 'prodigal' - found /home/gsi/anaconda3/envs/prokka/bin/prodigal
[10:09:30] Determined prodigal version is 002006 from 'Prodigal V2.6.3: February, 2016'
[10:09:30] Looking for 'prokka-genbank_to_fasta_db' - found /home/gsi/anaconda3/envs/prokka/bin/prokka-genbank_to_fasta_db
[10:09:30] Looking for 'sed' - found /usr/bin/sed
[10:09:30] Looking for 'tbl2asn' - found /home/gsi/anaconda3/envs/prokka/bin/tbl2asn
[10:09:30] Determined tbl2asn version is 025007 from 'tbl2asn 25.7   arguments:'
[10:09:30] Using genetic code table 11.
[10:09:30] Loading and checking input file: fasta/ERR12488031_1.consensus.fa
[10:09:30] Wrote 1 contigs totalling 4411532 bp.
[10:09:30] Predicting tRNAs and tmRNAs
[10:09:30] Running: aragorn -l -gc11  -w PROKKA_12132024\/PROKKA_12132024\.fna
[10:09:31] 1 tRNA-Ile [10887,10961] 35 (gat)
[10:09:31] 2 tRNA-Ala [11112,11185] 34 (tgc)
[10:09:31] 3 tRNA-Leu [25644,25727] 34 (cag)
[10:09:31] 4 tRNA-Gly c[386202,386274] 33 (ccc)
[10:09:31] 5 tRNA-Tyr [658109,658192] 35 (gta)
[10:09:31] 6 tRNA-Thr [731494,731567] 34 (ggt)
[10:09:31] 7 tRNA-Met [731603,731677] 35 (cat)
[10:09:31] 8 tRNA-Trp [733524,733597] 34 (cca)
[10:09:31] 9 tRNA-Thr c[850641,850713] 33 (tgt)
[10:09:31] 10 tRNA-Lys c[923802,923875] 34 (ttt)
[10:09:31] 11 tRNA-Glu [923999,924074] 36 (ttc)
[10:09:31] 12 tRNA-Asp [924110,924186] 35 (gtc)
[10:09:31] 13 tRNA-Phe [924213,924289] 35 (gaa)
[10:09:31] 14 tRNA-Arg c[1025320,1025393] 34 (cct)
[10:09:31] 15 tRNA-Ala [1113511,1113586] 34 (cgc)
[10:09:31] 16 tRNA-Gln c[1138075,1138147] 34 (ttg)
[10:09:31] 17 tRNA-Leu [1177396,1177470] 35 (taa)
[10:09:31] 18 tRNA-Arg c[1446192,1446265] 34 (ccg)
[10:09:31] 19 tRNA-Leu [1512728,1512812] 35 (tag)
[10:09:31] 20 tRNA-Leu c[1581317,1581403] 32 (aag)
[10:09:31] 21 tRNA-Arg c[1627005,1627101] 37 (ccg)
[10:09:31] 22 tRNA-Leu c[1828012,1828088] 35 (caa)
[10:09:31] 23 tRNA-Pro c[1864211,1864303] 35 (ggg)
[10:09:31] 24 tRNA-Pro [1946613,1946687] 35 (ggg)
[10:09:31] 25 tRNA-Leu [2401987,2402073] 34 (gag)
[10:09:31] tRNA c[2510596,2510669] is a pseudo/wacky gene - skipping.
[10:09:31] 27 tRNA-Met c[2581763,2581837] 35 (cat)
[10:09:31] 28 tRNA-Asn c[2619406,2619479] 34 (gtt)
[10:09:31] 29 tRNA-Pro c[2765328,2765404] 35 (tgg)
[10:09:31] 30 tRNA-Gly [2765541,2765612] 33 (tcc)
[10:09:31] 31 tRNA-Arg [2794176,2794250] 35 (tct)
[10:09:31] 32 tRNA-His [2827854,2827929] 34 (gtg)
[10:09:31] 33 tRNA-Lys [2835494,2835567] 34 (ctt)
[10:09:31] 34 tRNA-Val c[2969496,2969568] 33 (cac)
[10:09:31] 35 tRNA-Gly [2969753,2969826] 34 (gcc)
[10:09:31] 36 tRNA-Cys [2969855,2969928] 33 (gca)
[10:09:31] 37 tRNA-Val [2969942,2970016] 33 (gac)
[10:09:31] 38 tRNA-Thr c[3143242,3143316] 33 (ggt)
[10:09:31] 39 tRNA-Glu c[3348546,3348619] 35 (ctc)
[10:09:31] 40 tRNA-Gln c[3348658,3348730] 34 (ctg)
[10:09:31] 41 tRNA-Ala c[3431839,3431912] 34 (ggc)
[10:09:31] 42 tmRNA c[3467968,3468334] 95,133 ADSHQRDYALAA*
[10:09:31] 43 tRNA-Met c[3559368,3559443] 35 (cat)
[10:09:31] 44 tRNA-Gly c[3983974,3984066] 33 (gcc)
[10:09:31] 45 tRNA-Thr c[4081362,4081437] 34 (cgt)
[10:09:31] 46 tRNA-Pro [4126541,4126616] 35 (cgg)
[10:09:31] 47 tRNA-Ser [4168345,4168433] 35 (gga)
[10:09:31] 48 tRNA-Ser c[4199128,4199217] 35 (cga)
[10:09:31] 49 tRNA-Arg c[4216864,4216937] 34 (acg)
[10:09:31] 50 tRNA-Ser c[4216967,4217056] 35 (gct)
[10:09:31] 51 tRNA-Ser c[4222580,4222667] 35 (tga)
[10:09:31] Found 50 tRNAs
[10:09:31] Predicting Ribosomal RNAs
[10:09:31] Running Barrnap with 8 threads
[10:09:32] 1 ERR12488031_1 1471852 16S ribosomal RNA
[10:09:32] 2 ERR12488031_1 1473661 23S ribosomal RNA
[10:09:32] 3 ERR12488031_1 1476903 5S ribosomal RNA (partial)
[10:09:32] Found 3 rRNAs
[10:09:32] Skipping ncRNA search, enable with --rfam if desired.
[10:09:32] Total of 52 tRNA + rRNA features
[10:09:32] Searching for CRISPR repeats
[10:09:33] Found 0 CRISPRs
[10:09:33] Predicting coding sequences
[10:09:33] Contigs total 4411532 bp, so using single mode
[10:09:33] Running: prodigal -i PROKKA_12132024\/PROKKA_12132024\.fna -c -m -g 11 -p single -f sco -q
[10:09:37] Excluding CDS which overlaps existing RNA (tRNA) at ERR12488031_1:25599..26015 on + strand
[10:09:37] Excluding CDS which overlaps existing RNA (tRNA) at ERR12488031_1:924035..924202 on - strand
[10:09:37] Excluding CDS which overlaps existing RNA (tRNA) at ERR12488031_1:1025367..1025468 on + strand
[10:09:37] Excluding CDS which overlaps existing RNA (rRNA) at ERR12488031_1:1472059..1472289 on - strand
[10:09:37] Excluding CDS which overlaps existing RNA (rRNA) at ERR12488031_1:1474927..1475487 on - strand
[10:09:38] Excluding CDS which overlaps existing RNA (tRNA) at ERR12488031_1:1581145..1581969 on - strand
[10:09:38] Excluding CDS which overlaps existing RNA (tRNA) at ERR12488031_1:1626959..1628080 on - strand
[10:09:38] Excluding CDS which overlaps existing RNA (tRNA) at ERR12488031_1:1862296..1864620 on - strand
[10:09:38] Excluding CDS which overlaps existing RNA (tRNA) at ERR12488031_1:3142309..3143619 on - strand
[10:09:38] Excluding CDS which overlaps existing RNA (tRNA) at ERR12488031_1:3983125..3984144 on - strand
[10:09:38] Excluding CDS which overlaps existing RNA (tRNA) at ERR12488031_1:4168366..4168527 on + strand
[10:09:38] Excluding CDS which overlaps existing RNA (tRNA) at ERR12488031_1:4199031..4199198 on + strand
[10:09:38] Found 4137 CDS
[10:09:38] Connecting features back to sequences
[10:09:38] Skipping genus-specific proteins as can't see /home/gsi/anaconda3/envs/prokka/db/Mycobacterium
[10:09:38] Annotating CDS, please be patient.
[10:09:38] Will use 8 CPUs for similarity searching.
[10:09:42] There are still 4137 unannotated CDS left (started with 4137)
[10:09:42] Will use blast to search against /home/gsi/anaconda3/envs/prokka/db/kingdom/Bacteria/IS with 8 CPUs
[10:09:42] Running: cat PROKKA_12132024\/PROKKA_12132024\.IS\.tmp\.102315\.faa | parallel --gnu --plain -j 8 --block 77459 --recstart '>' --pipe blastp -query - -db /home/gsi/anaconda3/envs/prokka/db/kingdom/Bacteria/IS -evalue 1e-30 -qcov_hsp_perc 90 -num_threads 1 -num_descriptions 1 -num_alignments 1 -seg no > PROKKA_12132024\/PROKKA_12132024\.IS\.tmp\.102315\.blast 2> /dev/null
[10:09:49] Deleting unwanted file: PROKKA_12132024/PROKKA_12132024.IS.tmp.102315.faa
[10:09:49] Deleting unwanted file: PROKKA_12132024/PROKKA_12132024.IS.tmp.102315.blast
[10:09:52] There are still 4122 unannotated CDS left (started with 4137)
[10:09:52] Will use blast to search against /home/gsi/anaconda3/envs/prokka/db/kingdom/Bacteria/AMR with 8 CPUs
[10:09:52] Running: cat PROKKA_12132024\/PROKKA_12132024\.AMR\.tmp\.102315\.faa | parallel --gnu --plain -j 8 --block 77187 --recstart '>' --pipe blastp -query - -db /home/gsi/anaconda3/envs/prokka/db/kingdom/Bacteria/AMR -evalue 1e-300 -qcov_hsp_perc 90 -num_threads 1 -num_descriptions 1 -num_alignments 1 -seg no > PROKKA_12132024\/PROKKA_12132024\.AMR\.tmp\.102315\.blast 2> /dev/null
[10:09:58] Deleting unwanted file: PROKKA_12132024/PROKKA_12132024.AMR.tmp.102315.faa
[10:09:58] Deleting unwanted file: PROKKA_12132024/PROKKA_12132024.AMR.tmp.102315.blast
[10:10:02] There are still 4122 unannotated CDS left (started with 4137)
[10:10:02] Will use blast to search against /home/gsi/anaconda3/envs/prokka/db/kingdom/Bacteria/sprot with 8 CPUs
[10:10:02] Running: cat PROKKA_12132024\/PROKKA_12132024\.sprot\.tmp\.102315\.faa | parallel --gnu --plain -j 8 --block 77187 --recstart '>' --pipe blastp -query - -db /home/gsi/anaconda3/envs/prokka/db/kingdom/Bacteria/sprot -evalue 1e-09 -qcov_hsp_perc 80 -num_threads 1 -num_descriptions 1 -num_alignments 1 -seg no > PROKKA_12132024\/PROKKA_12132024\.sprot\.tmp\.102315\.blast 2> /dev/null
[10:10:36] Modify product: Uncharacterized PPE family protein PPE20 => putative PPE family protein PPE20
[10:10:36] Modify product: Probable aldehyde dehydrogenase => putative aldehyde dehydrogenase
[10:10:36] Modify product: Uncharacterized protein Rv2001 => putative protein
[10:10:36] Modify product: Uncharacterized HTH-type transcriptional regulator Rv0472c => putative HTH-type transcriptional regulator
[10:10:36] Modify product: Uncharacterized HTH-type transcriptional regulator Rv0474 => putative HTH-type transcriptional regulator
[10:10:36] Modify product: Uncharacterized protein Rv0477 => putative protein
[10:10:36] Modify product: Uncharacterized protein Rv0479c => putative protein
[10:10:36] Modify product: Hydrolase Rv0480c => Hydrolase
[10:10:36] Modify product: Uncharacterized oxidoreductase Rv0484c => putative oxidoreductase
[10:10:36] Modify product: Transcriptional regulator Rv0485 => Transcriptional regulator
[10:10:36] Modify product: Uncharacterized GMC-type oxidoreductase Rv0492c => putative GMC-type oxidoreductase
[10:10:36] Modify product: Uncharacterized protein Rv0493c => putative protein
[10:10:36] Modify product: Uncharacterized HTH-type transcriptional regulator Rv0494 => putative HTH-type transcriptional regulator
[10:10:36] Modify product: Uncharacterized protein Rv0495c => putative protein
[10:10:36] Modify product: Uncharacterized protein Rv0497 => putative protein
[10:10:36] Modify product: Uncharacterized protein Rv0498 => putative protein
[10:10:36] Modify product: Uncharacterized protein Rv0499 => putative protein
[10:10:36] Modify product: Uncharacterized protein Rv0501 => putative protein
[10:10:36] Modify product: Uncharacterized protein Rv0502 => putative protein
[10:10:36] Modify product: UPF0336 protein Rv0504c => hypothetical protein
[10:10:36] Modify product: Probable transport accessory protein MmpS2 => putative transport accessory protein MmpS2
[10:10:36] Modify product: Probable transport protein MmpL2 => putative transport protein MmpL2
[10:10:36] Modify product: Uncharacterized protein Rv0508 => putative protein
[10:10:36] Modify product: GDSL lipase Rv0518 => GDSL lipase
[10:10:36] Modify product: Uncharacterized protein Rv0525 => putative protein
[10:10:36] Modify product: Uncharacterized glycosyltransferase Rv0539 => putative glycosyltransferase
[10:10:36] Modify product: Probable 2-succinylbenzoate--CoA ligase => putative 2-succinylbenzoate--CoA ligase
[10:10:36] Modify product: Uncharacterized protein Rv0559c => putative protein
[10:10:36] Modify product: Uncharacterized protein BCG_0605c => putative protein
[10:10:36] Modify product: Protease HtpX homolog => Protease HtpX 
[10:10:36] Modify product: Probable glycerol-3-phosphate dehydrogenase 2 [NAD(P)+] => putative glycerol-3-phosphate dehydrogenase 2 [NAD(P)+]
[10:10:36] Modify product: UPF0234 protein Rv0566c => hypothetical protein
[10:10:36] Modify product: Putative phosphoribosyl transferase Rv0571c => Putative phosphoribosyl transferase
[10:10:36] Modify product: Uncharacterized protein Rv0572c => putative protein
[10:10:36] Modify product: Uncharacterized protein Rv0572A => putative proteinA
[10:10:36] Modify product: Probable polyglutamine synthesis accessory protein Rv0574c => putative polyglutamine synthesis accessory protein
[10:10:36] Modify product: Uncharacterized protein Rv1260 => putative protein
[10:10:36] Modify product: Uncharacterized protein Rv2008c => putative protein
[10:10:36] Modify product: Uncharacterized protein Rv0609B => putative proteinB
[10:10:36] Modify product: TVP38/TMEM64 family membrane protein Rv0625c => TVP38/TMEM64 family membrane protein
[10:10:36] Modify product: Probable polyketide biosynthesis zinc-dependent hydrolase BaeB => putative polyketide biosynthesis zinc-dependent hydrolase BaeB
[10:10:36] Modify product: Uncharacterized protein Rv0634A => putative proteinA
[10:10:36] Modify product: UPF0336 protein Rv0635 => hypothetical protein
[10:10:36] Modify product: UPF0336 protein Rv0637 => hypothetical protein
[10:10:36] Modify product: Uncharacterized protein Rv0647c => putative protein
[10:10:36] Modify product: Probable ribonucleotide transport ATP-binding protein mkl => putative ribonucleotide transport ATP-binding protein mkl
[10:10:36] Modify product: Probable endoribonuclease MazF2 => putative endoribonuclease MazF2
[10:10:36] Modify product: Probable endonuclease 4 => putative endonuclease 4
[10:10:36] Modify product: Uncharacterized NAD-dependent oxidoreductase Rv0687 => putative NAD-dependent oxidoreductase
[10:10:36] Modify product: UPF0051 protein Rv1461 => hypothetical protein
[10:10:36] Modify product: UPF0051 protein Rv1462 => hypothetical protein
[10:10:36] Modify product: Probable cysteine desulfurase => putative cysteine desulfurase
[10:10:36] Modify product: Probable cobalt/nickel-exporting P-type ATPase => putative cobalt/nickel-exporting P-type ATPase
[10:10:36] Modify product: Probable enoyl-CoA hydratase echA12 => putative enoyl-CoA hydratase echA12
[10:10:36] Modify product: Uncharacterized ABC transporter ATP-binding protein YbiT => putative ABC transporter ATP-binding protein YbiT
[10:10:36] Modify product: HTH-type transcriptional repressor Rv1474c => HTH-type transcriptional repressor
[10:10:36] Modify product: Uncharacterized protein Rv1480 => putative protein
[10:10:36] Modify product: UPF0353 protein Rv1481 => hypothetical protein
[10:10:36] Modify product: Uncharacterized protein Rv1486c => putative protein
[10:10:36] Modify product: Uncharacterized protein Rv1488 => putative protein
[10:10:36] Modify product: Probable methylmalonyl-CoA mutase small subunit => putative methylmalonyl-CoA mutase small subunit
[10:10:36] Modify product: Probable methylmalonyl-CoA mutase large subunit => putative methylmalonyl-CoA mutase large subunit
[10:10:36] Modify product: Probable antitoxin MazE4 => putative antitoxin MazE4
[10:10:36] Modify product: Probable GTPase Rv1496 => putative GTPase
[10:10:36] Modify product: Uncharacterized protein Rv1498c => putative protein
[10:10:36] Modify product: Uncharacterized protein Rv1501 => putative protein
[10:10:36] Modify product: Uncharacterized protein Rv1502 => putative protein
[10:10:36] Modify product: Uncharacterized protein Rv1507c => putative protein
[10:10:36] Modify product: Uncharacterized glycosyltransferase Rv1514c => putative glycosyltransferase
[10:10:36] Modify product: Uncharacterized protein Rv1520 => putative protein
[10:10:36] Modify product: Uncharacterized protein Rv1520 => putative protein
[10:10:36] Modify product: Uncharacterized glycosyltransferase Rv1524 => putative glycosyltransferase
[10:10:36] Modify product: Uncharacterized protein Rv1525 => putative protein
[10:10:36] Modify product: Uncharacterized glycosyltransferase Rv1524 => putative glycosyltransferase
[10:10:36] Modify product: Probable alcohol dehydrogenase adh => putative alcohol dehydrogenase adh
[10:10:36] Modify product: Putative monooxygenase Rv1533 => Putative monooxygenase
[10:10:36] Modify product: Probable L-asparaginase => putative L-asparaginase
[10:10:36] Modify product: Uncharacterized RNA pseudouridine synthase Rv1540 => putative RNA pseudouridine synthase
[10:10:36] Modify product: Uncharacterized oxidoreductase Rv1543 => putative oxidoreductase
[10:10:36] Modify product: Uncharacterized oxidoreductase SA2266 => putative oxidoreductase
[10:10:36] Modify product: Uncharacterized protein Rv1546 => putative protein
[10:10:36] Modify product: Uncharacterized PPE family protein PPE40 => putative PPE family protein PPE40
[10:10:36] Modify product: Uncharacterized HTH-type transcriptional regulator Rv1556 => putative HTH-type transcriptional regulator
[10:10:36] Modify product: Probable transport protein MmpL2 => putative transport protein MmpL2
[10:10:36] Modify product: F420H(2)-dependent quinone reductase Rv1558 => F420H(2)-dependent quinone reductase
[10:10:36] Modify product: Glycogen operon protein GlgX homolog => Glycogen operon protein GlgX 
[10:10:36] Modify product: Uncharacterized protein Rv1590 => putative protein
[10:10:36] Modify product: Uncharacterized protein Rv1591 => putative protein
[10:10:36] Modify product: Probable inactive lipase Rv1592c => putative inactive lipase
[10:10:36] Modify product: Probable inositol 1-monophosphatase ImpA => putative inositol 1-monophosphatase ImpA
[10:10:36] Modify product: Putative peroxiredoxin Rv1608c => Putative peroxiredoxin
[10:10:36] Modify product: Probable ABC transporter ATP-binding/permease protein HI_0664 => putative ABC transporter ATP-binding/permease protein
[10:10:36] Modify product: Probable multidrug-efflux transporter Rv1634 => putative multidrug-efflux transporter
[10:10:36] Modify product: Uncharacterized ABC transporter ATP-binding protein YheS => putative ABC transporter ATP-binding protein YheS
[10:10:36] Modify product: Uncharacterized protein HI_1048 => putative protein
[10:10:36] Modify product: Probable multidrug ABC transporter ATP-binding protein YbhF => putative multidrug ABC transporter ATP-binding protein YbhF
[10:10:36] Modify product: Uncharacterized FAD-linked oxidoreductase Rv2280 => putative FAD-linked oxidoreductase
[10:10:36] Modify product: Uncharacterized protein Rv1260 => putative protein
[10:10:36] Modify product: F420H(2)-dependent quinone reductase Rv1261c => F420H(2)-dependent quinone reductase
[10:10:36] Modify product: pH-sensitive adenylate cyclase Rv1264 => pH-sensitive adenylate cyclase
[10:10:36] Modify product: Uncharacterized protein Rv1265 => putative protein
[10:10:36] Modify product: Protein Rv1269c => Protein
[10:10:36] Modify product: Uncharacterized ABC transporter ATP-binding protein Rv1273c => putative ABC transporter ATP-binding protein
[10:10:36] Modify product: Uncharacterized protein Rv1276c => putative protein
[10:10:36] Modify product: Uncharacterized protein Rv1278 => putative protein
[10:10:36] Modify product: Uncharacterized GMC-type oxidoreductase Rv1279 => putative GMC-type oxidoreductase
[10:10:36] Modify product: Uncharacterized protein Rv1280c => putative protein
[10:10:36] Modify product: Uncharacterized ABC transporter ATP-binding protein Rv1281c => putative ABC transporter ATP-binding protein
[10:10:36] Modify product: Putative peptide transport permease protein Rv1282c => Putative peptide transport permease protein
[10:10:36] Modify product: Putative peptide transport permease protein Rv1283c => Putative peptide transport permease protein
[10:10:36] Modify product: Putative HTH-type transcriptional regulator Rv1287 => Putative HTH-type transcriptional regulator
[10:10:36] Modify product: Uncharacterized protein Rv1288 => putative protein
[10:10:36] Modify product: Uncharacterized protein Rv1289 => putative protein
[10:10:36] Modify product: Uncharacterized protein Rv1290c => putative protein
[10:10:36] Modify product: Uncharacterized protein Rv1303 => putative protein
[10:10:36] Modify product: Uncharacterized protein Rv1312 => putative protein
[10:10:36] Modify product: Probable bifunctional transcriptional activator/DNA repair enzyme AlkA => putative bifunctional transcriptional activator/DNA repair enzyme AlkA
[10:10:36] Modify product: Probable acetyl-CoA acetyltransferase => putative acetyl-CoA acetyltransferase
[10:10:36] Modify product: Uncharacterized protein Rv1324 => putative protein
[10:10:36] Modify product: Probable ATP-dependent helicase DinG homolog => putative ATP-dependent helicase DinG 
[10:10:36] Modify product: Uncharacterized protein Rv1332 => putative protein
[10:10:36] Modify product: Uncharacterized aminopeptidase Rv1333 => putative aminopeptidase
[10:10:36] Modify product: Uncharacterized protein Rv1339 => putative protein
[10:10:36] Modify product: Uncharacterized protein Rv1342c => putative protein
[10:10:36] Modify product: Uncharacterized oxidoreductase Rv1350 => putative oxidoreductase
[10:10:36] Modify product: HTH-type transcriptional repressor Rv1353c => HTH-type transcriptional repressor
[10:10:36] Modify product: Uncharacterized protein Rv1360 => putative protein
[10:10:36] Modify product: Uncharacterized protein Rv1362c => putative protein
[10:10:36] Modify product: Uncharacterized protein Rv1363c => putative protein
[10:10:36] Modify product: Uncharacterized protein Rv1364c => putative protein
[10:10:36] Modify product: Uncharacterized protein Rv1366 => putative protein
[10:10:36] Modify product: Uncharacterized protein Rv1367c => putative protein
[10:10:36] Modify product: Glycolipid sulfotransferase Rv1373 => Glycolipid sulfotransferase
[10:10:36] Modify product: Uncharacterized protein BCG_0605c => putative protein
[10:10:36] Modify product: Uncharacterized PPE family protein PPE20 => putative PPE family protein PPE20
[10:10:36] Modify product: Uncharacterized membrane protein Rv1401 => putative membrane protein
[10:10:36] Modify product: Probable primosomal protein N' => putative primosomal protein N'
[10:10:36] Modify product: Uncharacterized protein Rv1405c => putative protein
[10:10:36] Modify product: Putative methyltransferase Rv1407 => Putative methyltransferase
[10:10:36] Modify product: Probable triacylglyceride transporter Rv1410c => putative triacylglyceride transporter
[10:10:36] Modify product: Uncharacterized protein Rv1417 => putative protein
[10:10:36] Modify product: Uncharacterized protein Rv1419 => putative protein
[10:10:36] Modify product: Nucleotide-binding protein Rv1421 => Nucleotide-binding protein
[10:10:36] Modify product: Probable cell division protein WhiA => putative cell division protein WhiA
[10:10:36] Modify product: Putative diacyglycerol O-acyltransferase Rv1425 => Putative diacyglycerol O-acyltransferase
[10:10:36] Modify product: Uncharacterized protein Rv0502 => putative protein
[10:10:36] Modify product: Probable L,D-transpeptidase 3 => putative L,D-transpeptidase 3
[10:10:36] Modify product: Putative diacyglycerol O-acyltransferase Rv0221 => Putative diacyglycerol O-acyltransferase
[10:10:36] Modify product: Uncharacterized methyltransferase Rv0224c => putative methyltransferase
[10:10:36] Modify product: Putative secreted protein Rv0236.1 => Putative secreted protein.1
[10:10:36] Modify product: Butyryl-CoA dehydrogenase Swol_1933 => Butyryl-CoA dehydrogenase
[10:10:36] Modify product: Uncharacterized protein Rv0250c => putative protein
[10:10:36] Modify product: Uncharacterized protein Rv2237 => putative protein
[10:10:36] Modify product: Uncharacterized PPE family protein PPE3 => putative PPE family protein PPE3
[10:10:36] Modify product: Probable trans-aconitate 2-methyltransferase => putative trans-aconitate 2-methyltransferase
[10:10:36] Modify product: Antitoxin Rv0298 => Antitoxin
[10:10:36] Modify product: Toxin Rv0299 => Toxin
[10:10:36] Modify product: Uncharacterized protein Rv0313 => putative protein
[10:10:36] Modify product: Probable aspartate aminotransferase => putative aspartate aminotransferase
[10:10:36] Modify product: Uncharacterized membrane protein Rv0364 => putative membrane protein
[10:10:36] Modify product: Probable xanthine dehydrogenase subunit A => putative xanthine dehydrogenase subunit A
[10:10:36] Modify product: Uncharacterized HTH-type transcriptional regulator Rv0377 => putative HTH-type transcriptional regulator
[10:10:36] Modify product: Putative HTH-type transcriptional regulator Rv0890c => Putative HTH-type transcriptional regulator
[10:10:36] Modify product: Probable transport protein MmpL1 => putative transport protein MmpL1
[10:10:36] Modify product: Probable lipoprotein aminopeptidase LpqL => putative lipoprotein aminopeptidase LpqL
[10:10:36] Modify product: Probable cation-transporting ATPase I => putative cation-transporting ATPase I
[10:10:36] Modify product: Uncharacterized PPE family protein PPE10 => putative PPE family protein PPE10
[10:10:36] Modify product: Uncharacterized protein Rv0007 => putative protein
[10:10:36] Modify product: UPF0749 protein Rv1823 => hypothetical protein
[10:10:36] Modify product: Uncharacterized FtsW-like protein => putative FtsW-like protein
[10:10:36] Modify product: Uncharacterized HTH-type transcriptional regulator Rv0023 => putative HTH-type transcriptional regulator
[10:10:36] Modify product: Uncharacterized protein Rv0025 => putative protein
[10:10:36] Modify product: Uncharacterized protein Rv0028 => putative protein
[10:10:36] Modify product: Uncharacterized protein Rv0028A => putative proteinA
[10:10:36] Modify product: Uncharacterized protein Rv0034 => putative protein
[10:10:36] Modify product: Uncharacterized protein Rv0036c => putative protein
[10:10:36] Modify product: Uncharacterized MFS-type transporter Rv0037c => putative MFS-type transporter
[10:10:36] Modify product: Uncharacterized HTH-type transcriptional regulator Rv0043c => putative HTH-type transcriptional regulator
[10:10:36] Modify product: Uncharacterized protein Rv0048c => putative protein
[10:10:36] Modify product: Uncharacterized protein Rv0049 => putative protein
[10:10:36] Modify product: Uncharacterized FAD-linked oxidoreductase YvdP => putative FAD-linked oxidoreductase YvdP
[10:10:36] Modify product: UPF0182 protein MSMEG_1959/MSMEI_1915 => hypothetical protein
[10:10:36] Modify product: Uncharacterized protein Rv0080 => putative protein
[10:10:36] Modify product: Uncharacterized HTH-type transcriptional regulator Rv0081 => putative HTH-type transcriptional regulator
[10:10:36] Modify product: Uncharacterized protein Rv0088 => putative protein
[10:10:36] Modify product: Uncharacterized protein Rv0090 => putative protein
[10:10:36] Modify product: Uncharacterized protein Rv0093c => putative protein
[10:10:36] Modify product: Putative dioxygenase Rv0097 => Putative dioxygenase
[10:10:36] Modify product: Uncharacterized protein Rv0098 => putative protein
[10:10:36] Modify product: Uncharacterized protein Rv0100 => putative protein
[10:10:36] Modify product: Uncharacterized protein Rv0102 => putative protein
[10:10:36] Modify product: Uncharacterized protein Rv0106 => putative protein
[10:10:36] Modify product: Probable cation-transporting ATPase I => putative cation-transporting ATPase I
[10:10:36] Modify product: Probable enoyl-CoA hydratase 1 => putative enoyl-CoA hydratase 1
[10:10:36] Modify product: Putative S-adenosyl-L-methionine-dependent methyltransferase Rv0145 => Putative S-adenosyl-L-methionine-dependent methyltransferase
[10:10:36] Modify product: Putative S-adenosyl-L-methionine-dependent methyltransferase Rv0146 => Putative S-adenosyl-L-methionine-dependent methyltransferase
[10:10:36] Modify product: Putative short-chain type dehydrogenase/reductase Rv0148 => Putative short-chain type dehydrogenase/reductase
[10:10:36] Modify product: Uncharacterized PE-PGRS family protein PE_PGRS24 => putative PE-PGRS family protein PE_PGRS24
[10:10:36] Modify product: Uncharacterized FAD-linked oxidoreductase Rv2280 => putative FAD-linked oxidoreductase
[10:10:36] Modify product: Putative quercetin 2,3-dioxygenase Rv0181c => Putative quercetin 2,3-dioxygenase
[10:10:36] Modify product: Chloramphenicol efflux pump Rv0191 => Chloramphenicol efflux pump
[10:10:36] Modify product: Multidrug efflux ATP-binding/permease protein Rv0194 => Multidrug efflux ATP-binding/permease protein
[10:10:36] Modify product: Uncharacterized HTH-type transcriptional regulator Rv0196 => putative HTH-type transcriptional regulator
[10:10:36] Modify product: Heme-binding protein Rv0203 => Heme-binding protein
[10:10:36] Modify product: Putative transport protein Rv0205 => Putative transport protein
[10:10:36] Modify product: Uncharacterized ABC transporter ATP-binding protein Rv0986 => putative ABC transporter ATP-binding protein
[10:10:36] Modify product: Probable dolichyl-phosphate-mannose--protein mannosyltransferase => putative dolichyl-phosphate-mannose--protein mannosyltransferase
[10:10:36] Modify product: Uncharacterized metal-dependent hydrolase TatD => putative metal-dependent hydrolase TatD
[10:10:36] Modify product: Putative ligase Rv1013 => Putative ligase
[10:10:36] Modify product: Probable sensor histidine kinase TcrY => putative sensor histidine kinase TcrY
[10:10:36] Modify product: Probable transcriptional regulatory protein TcrX => putative transcriptional regulatory protein TcrX
[10:10:36] Modify product: Uncharacterized NTE family protein Rv1063c => putative NTE family protein
[10:10:36] Modify product: Probable enoyl-CoA hydratase echA8 => putative enoyl-CoA hydratase echA8
[10:10:36] Modify product: GDSL-like esterase Rv1075c => GDSL-like esterase
[10:10:36] Modify product: Putative cystathionine beta-synthase Rv1077 => Putative cystathionine beta-synthase
[10:10:36] Modify product: Proline-rich antigen homolog => Proline-rich antigen 
[10:10:36] Modify product: Putative transport protein Rv1101c => Putative transport protein
[10:10:36] Modify product: Uncharacterized protein Rv1109c => putative protein
[10:10:36] Modify product: Uncharacterized protein Rv1148c => putative protein
[10:10:36] Modify product: Uncharacterized oxidoreductase Rv1144 => putative oxidoreductase
[10:10:36] Modify product: F420H(2)-dependent reductase Rv1155 => F420H(2)-dependent reductase
[10:10:36] Modify product: Uncharacterized protein Rv1155A => putative proteinA
[10:10:36] Modify product: Probable monoacyl phosphatidylinositol tetramannoside-binding protein LpqW => putative monoacyl phosphatidylinositol tetramannoside-binding protein LpqW
[10:10:36] Modify product: Uncharacterized HTH-type transcriptional regulator Rv1556 => putative HTH-type transcriptional regulator
[10:10:36] Modify product: Uncharacterized PPE family protein PPE17 => putative PPE family protein PPE17
[10:10:36] Modify product: Probable ECF RNA polymerase sigma factor SigI => putative ECF RNA polymerase sigma factor SigI
[10:10:36] Modify product: Multidrug efflux system permease protein Rv1217c => Multidrug efflux system permease protein
[10:10:36] Modify product: Multidrug efflux system ATP-binding protein Rv1218c => Multidrug efflux system ATP-binding protein
[10:10:36] Modify product: Putative O-methyltransferase Rv1220c => Putative O-methyltransferase
[10:10:36] Modify product: Putative S-adenosyl-L-methionine-dependent methyltransferase Rv0726c => Putative S-adenosyl-L-methionine-dependent methyltransferase
[10:10:36] Modify product: Putative S-adenosyl-L-methionine-dependent methyltransferase Rv0731c => Putative S-adenosyl-L-methionine-dependent methyltransferase
[10:10:36] Modify product: Uncharacterized protein Rv0738 => putative protein
[10:10:36] Modify product: Uncharacterized PPE family protein PPE40 => putative PPE family protein PPE40
[10:10:36] Modify product: Probable transcriptional regulatory protein TcrX => putative transcriptional regulatory protein TcrX
[10:10:36] Modify product: Uncharacterized HIT-like protein Rv0759c => putative HIT-like protein
[10:10:36] Modify product: Uncharacterized oxidoreductase SA2266 => putative oxidoreductase
[10:10:36] Modify product: Uncharacterized HTH-type transcriptional regulator Rv0767c => putative HTH-type transcriptional regulator
[10:10:36] Modify product: Uncharacterized oxidoreductase Rv0769 => putative oxidoreductase
[10:10:36] Modify product: Uncharacterized oxidoreductase Rv0770 => putative oxidoreductase
[10:10:36] Modify product: KsdD-like steroid dehydrogenase Rv0785 => KsdD-like steroid dehydrogenase
[10:10:36] Modify product: Uncharacterized protein Rv0953c => putative protein
[10:10:36] Modify product: Putative monooxygenase Rv0793 => Putative monooxygenase
[10:10:36] Modify product: Probable M18 family aminopeptidase 2 => putative M18 family aminopeptidase 2
[10:10:36] Modify product: Putative succinyl-CoA transferase Rv0802c => Putative succinyl-CoA transferase
[10:10:36] Modify product: UPF0678 fatty acid-binding protein-like protein Rv0813c => hypothetical protein
[10:10:36] Modify product: Phosphate-specific transport system accessory protein PhoU homolog 2 => Phosphate-specific transport system accessory protein PhoU 
[10:10:36] Modify product: Probable tRNA-dihydrouridine synthase => putative tRNA-dihydrouridine synthase
[10:10:36] Modify product: Putative S-adenosyl-L-methionine-dependent methyltransferase Rv0830 => Putative S-adenosyl-L-methionine-dependent methyltransferase
[10:10:36] Modify product: Probable transcriptional regulatory protein NarL => putative transcriptional regulatory protein NarL
[10:10:36] Modify product: Probable sensor histidine kinase NarS => putative sensor histidine kinase NarS
[10:10:36] Modify product: Probable N-succinyldiaminopimelate aminotransferase DapC => putative N-succinyldiaminopimelate aminotransferase DapC
[10:10:36] Modify product: Putative acyltransferase Rv0859 => Putative acyltransferase
[10:10:36] Modify product: Probable acyl-CoA dehydrogenase FadE10 => putative acyl-CoA dehydrogenase FadE10
[10:10:36] Modify product: Uncharacterized protein Rv0875c => putative protein
[10:10:36] Modify product: Uncharacterized protein Rv0876c => putative protein
[10:10:36] Modify product: Uncharacterized protein Rv0877 => putative protein
[10:10:36] Modify product: Uncharacterized HTH-type transcriptional regulator Rv0880 => putative HTH-type transcriptional regulator
[10:10:36] Modify product: Uncharacterized protein Rv0883c => putative protein
[10:10:36] Modify product: Uncharacterized protein Rv0885 => putative protein
[10:10:36] Modify product: Probable ferredoxin/ferredoxin--NADP reductase => putative ferredoxin/ferredoxin--NADP reductase
[10:10:36] Modify product: Uncharacterized protein Rv0887c => putative protein
[10:10:36] Modify product: Putative HTH-type transcriptional regulator Rv0890c => Putative HTH-type transcriptional regulator
[10:10:36] Modify product: Putative HTH-type transcriptional regulator Rv0890c => Putative HTH-type transcriptional regulator
[10:10:36] Modify product: Uncharacterized monooxygenase Rv0892 => putative monooxygenase
[10:10:37] Modify product: Putative S-adenosyl-L-methionine-dependent methyltransferase Rv0893c => Putative S-adenosyl-L-methionine-dependent methyltransferase
[10:10:37] Modify product: Putative HTH-type transcriptional regulator Rv0890c => Putative HTH-type transcriptional regulator
[10:10:37] Modify product: Putative diacyglycerol O-acyltransferase Rv0895 => Putative diacyglycerol O-acyltransferase
[10:10:37] Modify product: Uncharacterized protein Rv0897c => putative protein
[10:10:37] Modify product: Uncharacterized protein Rv0898c => putative protein
[10:10:37] Modify product: Uncharacterized membrane protein ArfC => putative membrane protein ArfC
[10:10:37] Modify product: Probable enoyl-CoA hydratase echA6 => putative enoyl-CoA hydratase echA6
[10:10:37] Modify product: Uncharacterized protein Rv0906 => putative protein
[10:10:37] Modify product: Antitoxin Rv0909 => Antitoxin
[10:10:37] Modify product: Toxin Rv0910 => Toxin
[10:10:37] Modify product: Uncharacterized protein Rv2886c => putative protein
[10:10:37] Modify product: Uncharacterized oxidoreductase Rv0927c => putative oxidoreductase
[10:10:37] Modify product: Uncharacterized protein Rv0940c => putative protein
[10:10:37] Modify product: Uncharacterized formamidopyrimidine-DNA glycosylase-like protein => putative formamidopyrimidine-DNA glycosylase-like protein
[10:10:37] Modify product: Uncharacterized oxidoreductase Rv0945 => putative oxidoreductase
[10:10:37] Modify product: Uncharacterized protein Rv0959 => putative protein
[10:10:37] Modify product: Uncharacterized protein Rv0966c => putative protein
[10:10:37] Modify product: Probable copper-exporting P-type ATPase V => putative copper-exporting P-type ATPase V
[10:10:37] Modify product: Uncharacterized protein Rv0970 => putative protein
[10:10:37] Modify product: Probable enoyl-CoA hydratase => putative enoyl-CoA hydratase
[10:10:37] Modify product: Probable propionyl-CoA carboxylase beta chain 5 => putative propionyl-CoA carboxylase beta chain 5
[10:10:37] Modify product: Uncharacterized protein Rv1148c => putative protein
[10:10:37] Modify product: Uncharacterized protein Rv1708 => putative protein
[10:10:37] Modify product: Uncharacterized RNA pseudouridine synthase Rv1711 => putative RNA pseudouridine synthase
[10:10:37] Modify product: Probable 3-hydroxybutyryl-CoA dehydrogenase => putative 3-hydroxybutyryl-CoA dehydrogenase
[10:10:37] Modify product: Putative S-adenosyl-L-methionine-dependent methyltransferase Rv1729c => Putative S-adenosyl-L-methionine-dependent methyltransferase
[10:10:37] Modify product: Probable membrane protein Rv1733c => putative membrane protein
[10:10:37] Modify product: Uncharacterized protein Rv1734c => putative protein
[10:10:37] Modify product: Uncharacterized membrane protein Rv1735c => putative membrane protein
[10:10:37] Modify product: Probable nitrate/nitrite transporter NarK2 => putative nitrate/nitrite transporter NarK2
[10:10:37] Modify product: Uncharacterized protein Rv1738 => putative protein
[10:10:37] Modify product: Probable sulfate transporter Rv1739c => putative sulfate transporter
[10:10:37] Modify product: ABC transporter ATP-binding/permease protein Rv1747 => ABC transporter ATP-binding/permease protein
[10:10:37] Modify product: Probable cutinase Rv1984c => putative cutinase
[10:10:37] Modify product: Putative diacyglycerol O-acyltransferase Rv1760 => Putative diacyglycerol O-acyltransferase
[10:10:37] Modify product: Uncharacterized HTH-type transcriptional regulator Rv1255c => putative HTH-type transcriptional regulator
[10:10:37] Modify product: Uncharacterized PPE family protein PPE42 => putative PPE family protein PPE42
[10:10:37] Modify product: Uncharacterized PPE family protein PPE29 => putative PPE family protein PPE29
[10:10:37] Modify product: Uncharacterized PPE family protein PPE33 => putative PPE family protein PPE33
[10:10:37] Modify product: Uncharacterized PPE family protein PPE29 => putative PPE family protein PPE29
[10:10:37] Modify product: Uncharacterized PPE family protein PPE32 => putative PPE family protein PPE32
[10:10:37] Modify product: Uncharacterized PPE family protein PPE33 => putative PPE family protein PPE33
[10:10:37] Modify product: NADH dehydrogenase-like protein MT1860 => NADH dehydrogenase-like protein
[10:10:37] Modify product: Uncharacterized protein Rv1813c => putative protein
[10:10:37] Modify product: Uncharacterized protein Rv1815 => putative protein
[10:10:37] Modify product: Uncharacterized HTH-type transcriptional regulator Rv1816 => putative HTH-type transcriptional regulator
[10:10:37] Modify product: UPF0749 protein Rv1823 => hypothetical protein
[10:10:37] Modify product: UPF0749 protein Rv1825 => hypothetical protein
[10:10:37] Modify product: Uncharacterized HTH-type transcriptional regulator Rv1828 => putative HTH-type transcriptional regulator
[10:10:37] Modify product: Uncharacterized HTH-type transcriptional regulator Rv1830 => putative HTH-type transcriptional regulator
[10:10:37] Modify product: Probable glycine dehydrogenase (decarboxylating) => putative glycine dehydrogenase (decarboxylating)
[10:10:37] Modify product: Putative serine esterase Rv1835c => Putative serine esterase
[10:10:37] Modify product: Uncharacterized protein Rv1836c => putative protein
[10:10:37] Modify product: Uncharacterized protein Rv1841c => putative protein
[10:10:37] Modify product: UPF0053 protein Rv1842c => hypothetical protein
[10:10:37] Modify product: Uncharacterized oxidoreductase Rv1843c => putative oxidoreductase
[10:10:37] Modify product: Putative esterase Rv1847 => Putative esterase
[10:10:37] Modify product: NADH dehydrogenase-like protein SAOUHSC_00878 => NADH dehydrogenase-like protein
[10:10:37] Modify product: Putative oxidoreductase Rv1856c => Putative oxidoreductase
[10:10:37] Modify product: Probable alcohol dehydrogenase AdhA => putative alcohol dehydrogenase AdhA
[10:10:37] Modify product: Probable CoA-transferase Rv1866 => putative CoA-transferase
[10:10:37] Modify product: Uncharacterized protein Rv2047c => putative protein
[10:10:37] Modify product: Probable lipoprotein LppE => putative lipoprotein LppE
[10:10:37] Modify product: Putative S-adenosyl-L-methionine-dependent methyltransferase Rv3787c => Putative S-adenosyl-L-methionine-dependent methyltransferase
[10:10:37] Modify product: Putative S-adenosyl-L-methionine-dependent methyltransferase Rv3399 => Putative S-adenosyl-L-methionine-dependent methyltransferase
[10:10:37] Modify product: Putative monooxygenase Rv1533 => Putative monooxygenase
[10:10:37] Modify product: Probable zinc-binding alcohol dehydrogenase Rv1895 => putative zinc-binding alcohol dehydrogenase
[10:10:37] Modify product: Putative S-adenosyl-L-methionine-dependent methyltransferase Rv1896c => Putative S-adenosyl-L-methionine-dependent methyltransferase
[10:10:37] Modify product: UPF0045 protein Rv1898 => hypothetical protein
[10:10:37] Modify product: Uncharacterized protein Rv1899c => putative protein
[10:10:37] Modify product: Probable D-amino-acid oxidase => putative D-amino-acid oxidase
[10:10:37] Modify product: HTH-type transcriptional regulator Rv1931c => HTH-type transcriptional regulator
[10:10:37] Modify product: Probable endoribonuclease MazF5 => putative endoribonuclease MazF5
[10:10:37] Modify product: Uncharacterized protein Rv1954A => putative proteinA
[10:10:37] Modify product: Probable endoribonuclease HigB1 => putative endoribonuclease HigB1
[10:10:37] Modify product: SecB-like chaperone Rv1957 => SecB-like chaperone
[10:10:37] Modify product: Uncharacterized transporter Rv1979c => putative transporter
[10:10:37] Modify product: Probable cutinase Rv1984c => putative cutinase
[10:10:37] Modify product: Uncharacterized HTH-type transcriptional regulator Rv1985c => putative HTH-type transcriptional regulator
[10:10:37] Modify product: Uncharacterized protein Rv1989c => putative protein
[10:10:37] Modify product: Uncharacterized protein Rv1990c => putative protein
[10:10:37] Modify product: Probable cation-transporting ATPase G => putative cation-transporting ATPase G
[10:10:37] Modify product: Uncharacterized protein Rv1993c => putative protein
[10:10:37] Modify product: Uncharacterized protein Rv1995 => putative protein
[10:10:37] Modify product: Universal stress protein Rv1996 => Universal stress protein
[10:10:37] Modify product: Probable cation-transporting ATPase F => putative cation-transporting ATPase F
[10:10:37] Modify product: Uncharacterized protein Rv1998c => putative protein
[10:10:37] Modify product: Uncharacterized transporter Rv1999c => putative transporter
[10:10:37] Modify product: Uncharacterized protein Rv2003c => putative protein
[10:10:37] Modify product: Uncharacterized protein Rv2003A => putative proteinA
[10:10:37] Modify product: Uncharacterized protein Rv2004c => putative protein
[10:10:37] Modify product: Universal stress protein Rv2005c => Universal stress protein
[10:10:37] Modify product: Uncharacterized glycosyl hydrolase Rv2006 => putative glycosyl hydrolase
[10:10:37] Modify product: Uncharacterized protein Rv2008c => putative protein
[10:10:37] Modify product: Probable cation efflux system protein Rv2025c => putative cation efflux system protein
[10:10:37] Modify product: Universal stress protein Rv2026c => Universal stress protein
[10:10:37] Modify product: Universal stress protein Rv2028c => Universal stress protein
[10:10:37] Modify product: Uncharacterized protein Rv2030c => putative protein
[10:10:37] Modify product: Uncharacterized protein Rv2047c => putative protein
[10:10:37] Modify product: Probable endoribonuclease MazF7 => putative endoribonuclease MazF7
[10:10:37] Modify product: Uncharacterized protein Rv2067c => putative protein
[10:10:37] Modify product: Uncharacterized oxidoreductase Rv2073c => putative oxidoreductase
[10:10:37] Modify product: Uncharacterized protein Rv2084 => putative protein
[10:10:37] Modify product: Probable dipeptidase PepE => putative dipeptidase PepE
[10:10:37] Modify product: Uncharacterized protein Rv2091c => putative protein
[10:10:37] Modify product: Probable helicase HelY => putative helicase HelY
[10:10:37] Modify product: Uncharacterized protein Rv2102 => putative protein
[10:10:37] Modify product: Uncharacterized PPE family protein PPE36 => putative PPE family protein PPE36
[10:10:37] Modify product: Uncharacterized PPE family protein PPE37 => putative PPE family protein PPE37
[10:10:37] Modify product: UPF0098 protein Rv2140c => hypothetical protein
[10:10:37] Modify product: Probable peptidoglycan glycosyltransferase FtsW => putative peptidoglycan glycosyltransferase FtsW
[10:10:37] Modify product: Uncharacterized protein Rv0953c => putative protein
[10:10:37] Modify product: DNA-binding protein Rv2175c => DNA-binding protein
[10:10:37] Modify product: Putative bifunctional exonuclease/endonuclease protein Rv2191 => Putative bifunctional exonuclease/endonuclease protein
[10:10:37] Modify product: Probable cytochrome c oxidase subunit 3 => putative cytochrome c oxidase subunit 3
[10:10:37] Modify product: Probable transport accessory protein MmpS3 => putative transport accessory protein MmpS3
[10:10:37] Modify product: Uncharacterized protein Rv2008c => putative protein
[10:10:37] Modify product: Uncharacterized protein Rv1990c => putative protein
[10:10:37] Modify product: UPF0182 protein Rv3193c => hypothetical protein
[10:10:37] Modify product: Uncharacterized protein YlbL => putative protein YlbL
[10:10:37] Modify product: Uncharacterized protein Rv3202A => putative proteinA
[10:10:37] Modify product: Probable adenylyltransferase/sulfurtransferase MoeZ => putative adenylyltransferase/sulfurtransferase MoeZ
[10:10:37] Modify product: Probable transport accessory protein MmpS3 => putative transport accessory protein MmpS3
[10:10:37] Modify product: Probable sensor histidine kinase pdtaS => putative sensor histidine kinase pdtaS
[10:10:37] Modify product: Putative diacyglycerol O-acyltransferase Rv1760 => Putative diacyglycerol O-acyltransferase
[10:10:37] Modify product: Probable diacyglycerol O-acyltransferase tgs3 => putative diacyglycerol O-acyltransferase tgs3
[10:10:37] Modify product: Uncharacterized amino acid permease YhdG => putative amino acid permease YhdG
[10:10:37] Modify product: Uncharacterized protein Rv3254 => putative protein
[10:10:37] Modify product: Probable fatty acyl-CoA transferase Rv3272 => putative fatty acyl-CoA transferase
[10:10:37] Modify product: Probable acyl-CoA dehydrogenase fadE25 => putative acyl-CoA dehydrogenase fadE25
[10:10:37] Modify product: Uncharacterized SufE-like protein Rv3284 => putative SufE-like protein
[10:10:37] Modify product: Uncharacterized protein Rv3292 => putative protein
[10:10:37] Modify product: Phosphate-specific transport system accessory protein PhoU homolog 1 => Phosphate-specific transport system accessory protein PhoU 
[10:10:37] Modify product: Probable phosphomannomutase => putative phosphomannomutase
[10:10:37] Modify product: Probable aminotransferase Rv3329 => putative aminotransferase
[10:10:37] Modify product: Uncharacterized methyltransferase Rv3342 => putative methyltransferase
[10:10:37] Modify product: ABC transporter ATP-binding/permease protein Rv1747 => ABC transporter ATP-binding/permease protein
[10:10:37] Modify product: Serine protease inhibitor Rv3364c => Serine protease inhibitor
[10:10:37] Modify product: Putative diacyglycerol O-acyltransferase Rv3371 => Putative diacyglycerol O-acyltransferase
[10:10:37] Modify product: Phosphatase Rv3376 => Phosphatase
[10:10:37] Modify product: Uncharacterized protein Rv3395c => putative protein
[10:10:37] Modify product: Putative S-adenosyl-L-methionine-dependent methyltransferase Rv3399 => Putative S-adenosyl-L-methionine-dependent methyltransferase
[10:10:37] Modify product: Uncharacterized protein Rv3400 => putative protein
[10:10:37] Modify product: HTH-type transcriptional repressor Rv3405c => HTH-type transcriptional repressor
[10:10:37] Modify product: Uncharacterized oxidoreductase Rv3410c => putative oxidoreductase
[10:10:37] Modify product: Uncharacterized protein Rv3421c => putative protein
[10:10:37] Modify product: PGL/p-HBAD biosynthesis glycosyltransferase Rv2957 => PGL/p-HBAD biosynthesis glycosyltransferase
[10:10:37] Modify product: PGL/p-HBAD biosynthesis glycosyltransferase Rv2958c => PGL/p-HBAD biosynthesis glycosyltransferase
[10:10:37] Modify product: Putative permease Rv2963 => Putative permease
[10:10:37] Modify product: Uncharacterized protein SA1069 => putative protein
[10:10:37] Modify product: Probable 8-oxo-dGTP diphosphatase 1 => putative 8-oxo-dGTP diphosphatase 1
[10:10:37] Modify product: DNA-binding protein HU homolog => DNA-binding protein HU 
[10:10:37] Modify product: Uncharacterized protein YisK => putative protein YisK
[10:10:37] Modify product: Probable S-adenosylmethionine-dependent methyltransferase Rv3030 => putative S-adenosylmethionine-dependent methyltransferase
[10:10:37] Modify product: Probable 1,4-alpha-glucan branching enzyme Rv3031 => putative 1,4-alpha-glucan branching enzyme
[10:10:37] Modify product: Putative acetyltransferase Rv3034c => Putative acetyltransferase
[10:10:37] Modify product: Uncharacterized protein Rv3035 => putative protein
[10:10:37] Modify product: Probable enoyl-CoA hydratase echA17 => putative enoyl-CoA hydratase echA17
[10:10:37] Modify product: Uncharacterized ABC transporter ATP-binding protein YlmA => putative ABC transporter ATP-binding protein YlmA
[10:10:37] Modify product: Probable cytochrome c oxidase subunit 1 => putative cytochrome c oxidase subunit 1
[10:10:37] Modify product: Probable siderophore-binding lipoprotein YfiY => putative siderophore-binding lipoprotein YfiY
[10:10:37] Modify product: Uncharacterized HTH-type transcriptional regulator Rv0472c => putative HTH-type transcriptional regulator
[10:10:37] Modify product: Uncharacterized protein Rv3067 => putative protein
[10:10:37] Modify product: Uncharacterized protein Rv0953c => putative protein
[10:10:37] Modify product: Putative diacyglycerol O-acyltransferase Rv3087 => Putative diacyglycerol O-acyltransferase
[10:10:37] Modify product: Probable diacyglycerol O-acyltransferase Tgs4 => putative diacyglycerol O-acyltransferase Tgs4
[10:10:37] Modify product: Putative coenzyme F420-dependent oxidoreductase Rv3520c => Putative coenzyme F420-dependent oxidoreductase
[10:10:37] Modify product: Putative toxin Rv3098A/RVBD_3098A => Putative toxinA/RVBD_3098A
[10:10:37] Modify product: Uncharacterized MscS family protein YkuT => putative MscS family protein YkuT
[10:10:37] Modify product: Probable adenylyltransferase/sulfurtransferase MoeZ => putative adenylyltransferase/sulfurtransferase MoeZ
[10:10:37] Modify product: Uncharacterized PPE family protein PPE38 => putative PPE family protein PPE38
[10:10:37] Modify product: Uncharacterized protein Rv3127 => putative protein
[10:10:37] Modify product: Probable diacyglycerol O-acyltransferase tgs1 => putative diacyglycerol O-acyltransferase tgs1
[10:10:37] Modify product: Universal stress protein Rv3134c => Universal stress protein
[10:10:37] Modify product: Uncharacterized PPE family protein PPE50 => putative PPE family protein PPE50
[10:10:37] Modify product: Uncharacterized PPE family protein PPE51 => putative PPE family protein PPE51
[10:10:37] Modify product: Uncharacterized response regulatory protein Rv3143 => putative response regulatory protein
[10:10:37] Modify product: Uncharacterized PPE family protein PPE40 => putative PPE family protein PPE40
[10:10:37] Modify product: Uncharacterized oxidoreductase SA2266 => putative oxidoreductase
[10:10:37] Modify product: Uncharacterized protein Rv2715 => putative protein
[10:10:37] Modify product: Uncharacterized protein Rv2716 => putative protein
[10:10:37] Modify product: UPF0678 fatty acid-binding protein-like protein Rv2717c => hypothetical protein
[10:10:37] Modify product: Uncharacterized membrane protein Rv2723 => putative membrane protein
[10:10:37] Modify product: Uncharacterized protein MRA_2757 => putative protein
[10:10:37] Modify product: Uncharacterized protein Rv2742A => putative proteinA
[10:10:37] Modify product: Uncharacterized oxidoreductase Rv2750 => putative oxidoreductase
[10:10:37] Modify product: Uncharacterized MFS-type transporter EfpA => putative MFS-type transporter EfpA
[10:10:37] Modify product: Uncharacterized protein Rv2850c => putative protein
[10:10:37] Modify product: UPF0039 protein Rv2851c => hypothetical protein
[10:10:37] Modify product: Putative glutamine amidotransferase Rv2859c => Putative glutamine amidotransferase
[10:10:37] Modify product: Uncharacterized HTH-type transcriptional regulator Rv2887 => putative HTH-type transcriptional regulator
[10:10:37] Modify product: Uncharacterized protein Rv2895c => putative protein
[10:10:37] Modify product: Uncharacterized oxidoreductase Rv2900c => putative oxidoreductase
[10:10:37] Modify product: UPF0109 protein Rv2908c => hypothetical protein
[10:10:37] Modify product: Uncharacterized protein Rv2910c => putative protein
[10:10:37] Modify product: Uncharacterized HTH-type transcriptional regulator Rv2912c => putative HTH-type transcriptional regulator
[10:10:37] Modify product: Uncharacterized protein Rv2913c => putative protein
[10:10:37] Modify product: Uncharacterized protein Rv2915c => putative protein
[10:10:37] Modify product: Uncharacterized protein Rv2923c => putative protein
[10:10:37] Modify product: Uncharacterized protein Rv2926c => putative protein
[10:10:37] Modify product: Uncharacterized protein Rv2927c => putative protein
[10:10:37] Modify product: Probable thioesterase TesA => putative thioesterase TesA
[10:10:37] Modify product: Probable doxorubicin resistance ABC transporter permease protein DrrC => putative doxorubicin resistance ABC transporter permease protein DrrC
[10:10:37] Modify product: Uncharacterized protein Rv2203 => putative protein
[10:10:37] Modify product: Protein Mb2227c => Protein
[10:10:37] Modify product: Uncharacterized protein Rv2205c => putative protein
[10:10:37] Modify product: Uncharacterized protein Rv2206 => putative protein
[10:10:37] Modify product: Uncharacterized protein Rv2212 => putative protein
[10:10:37] Modify product: Probable cytosol aminopeptidase => putative cytosol aminopeptidase
[10:10:37] Modify product: Probable oxidoreductase EphD => putative oxidoreductase EphD
[10:10:37] Modify product: Epimerase family protein Rv2216 => Epimerase family protein
[10:10:37] Modify product: Uncharacterized protein Rv2219 => putative protein
[10:10:37] Modify product: Bifunctional protein Rv2228c => Bifunctional protein
[10:10:37] Modify product: GTP cyclohydrolase 1 type 2 homolog => GTP cyclohydrolase 1 type 2 
[10:10:37] Modify product: Uncharacterized aminotransferase Rv2231c => putative aminotransferase
[10:10:37] Modify product: Uncharacterized protein Rv2232 => putative protein
[10:10:37] Modify product: Probable low molecular weight protein-tyrosine-phosphatase => putative low molecular weight protein-tyrosine-phosphatase
[10:10:37] Modify product: Uncharacterized SURF1-like protein Rv2235 => putative SURF1-like protein
[10:10:37] Modify product: Uncharacterized protein Rv2237 => putative protein
[10:10:37] Modify product: Uncharacterized protein Rv2239c => putative protein
[10:10:37] Modify product: Uncharacterized protein Rv2240c => putative protein
[10:10:37] Modify product: Uncharacterized protein Rv2242 => putative protein
[10:10:37] Modify product: Probable propionyl-CoA carboxylase beta chain 6 => putative propionyl-CoA carboxylase beta chain 6
[10:10:37] Modify product: Uncharacterized HTH-type transcriptional regulator Rv2250c => putative HTH-type transcriptional regulator
[10:10:37] Modify product: Uncharacterized FAD-linked oxidoreductase Rv2280 => putative FAD-linked oxidoreductase
[10:10:37] Modify product: Uncharacterized protein Rv2277c => putative protein
[10:10:37] Modify product: Uncharacterized FAD-linked oxidoreductase Rv2280 => putative FAD-linked oxidoreductase
[10:10:37] Modify product: Uncharacterized HTH-type transcriptional regulator Rv2282c => putative HTH-type transcriptional regulator
[10:10:37] Modify product: Putative diacyglycerol O-acyltransferase Rv2285 => Putative diacyglycerol O-acyltransferase
[10:10:37] Modify product: Uncharacterized protein Rv2286c => putative protein
[10:10:37] Modify product: Uncharacterized Na(+)/H(+) exchanger Rv2287 => putative Na(+)/H(+) exchanger
[10:10:37] Modify product: Probable CDP-diacylglycerol pyrophosphatase => putative CDP-diacylglycerol pyrophosphatase
[10:10:37] Modify product: UPF0167 protein Rv2295 => hypothetical protein
[10:10:37] Modify product: Uncharacterized protein Rv2297 => putative protein
[10:10:37] Modify product: Uncharacterized oxidoreductase Rv2298 => putative oxidoreductase
[10:10:37] Modify product: Probable metallo-hydrolase Rv2300c => putative metallo-hydrolase
[10:10:37] Modify product: Probable cutinase cut2 => putative cutinase cut2
[10:10:37] Modify product: Uncharacterized protein Rv2302 => putative protein
[10:10:37] Modify product: Uncharacterized protein Rv2305 => putative protein
[10:10:37] Modify product: Uncharacterized protein Rv2307c => putative protein
[10:10:37] Modify product: Uncharacterized protein Rv2313c => putative protein
[10:10:37] Modify product: Universal stress protein Rv2319c => Universal stress protein
[10:10:37] Modify product: Uncharacterized amino acid permease YhdG => putative amino acid permease YhdG
[10:10:37] Modify product: Uncharacterized protein Rv2325c => putative protein
[10:10:37] Modify product: Uncharacterized ABC transporter ATP-binding protein Rv2326c => putative ABC transporter ATP-binding protein
[10:10:37] Modify product: Uncharacterized PE family protein PE23 => putative PE family protein PE23
[10:10:37] Modify product: UPF0603 protein Rv2345 => hypothetical protein
[10:10:37] Modify product: Uncharacterized PPE family protein PPE38 => putative PPE family protein PPE38
[10:10:37] Modify product: UPF0053 protein Rv2366c => hypothetical protein
[10:10:37] Modify product: Uncharacterized protein Rv2386A/RVBD_2386A => putative proteinA/RVBD_2386A
[10:10:37] Modify product: Uncharacterized protein Rv1363c => putative protein
[10:10:37] Modify product: Uncharacterized protein Rv2567 => putative protein
[10:10:37] Modify product: Uncharacterized protein Rv2411c => putative protein
[10:10:37] Modify product: DegV domain-containing protein Rv2417c => DegV domain-containing protein
[10:10:37] Modify product: Probable nicotinate-nucleotide adenylyltransferase => putative nicotinate-nucleotide adenylyltransferase
[10:10:37] Modify product: Probable peptidoglycan biosynthesis protein MviN => putative peptidoglycan biosynthesis protein MviN
[10:10:37] Modify product: Probable chromosome-partitioning protein ParB => putative chromosome-partitioning protein ParB
[10:10:37] Modify product: Putative trans-acting enoyl reductase Rv2449c => Putative trans-acting enoyl reductase
[10:10:37] Modify product: Probable molybdenum cofactor guanylyltransferase => putative molybdenum cofactor guanylyltransferase
[10:10:37] Modify product: Uncharacterized MFS-type transporter Rv2456c => putative MFS-type transporter
[10:10:37] Modify product: Thioredoxin-like reductase Rv2466c => Thioredoxin-like reductase
[10:10:37] Modify product: Uncharacterized protein Rv2468c => putative protein
[10:10:37] Modify product: Putative diacyglycerol O-acyltransferase Rv2484c => Putative diacyglycerol O-acyltransferase
[10:10:37] Modify product: Probable enoyl-CoA hydratase echA14 => putative enoyl-CoA hydratase echA14
[10:10:37] Modify product: Probable succinyl-CoA:3-ketoacid coenzyme A transferase subunit B => putative succinyl-CoA:3-ketoacid coenzyme A transferase subunit B
[10:10:37] Modify product: Probable succinyl-CoA:3-ketoacid coenzyme A transferase subunit A => putative succinyl-CoA:3-ketoacid coenzyme A transferase subunit A
[10:10:37] Modify product: Putative peroxiredoxin Rv2521 => Putative peroxiredoxin
[10:10:37] Modify product: Putative peptidoglycan hydrolase Rv2525c => Putative peptidoglycan hydrolase
[10:10:37] Modify product: UPF0047 protein Rv2556c => hypothetical protein
[10:10:37] Modify product: Uncharacterized AAA domain-containing protein Rv2559c => putative AAA domain-containing protein
[10:10:37] Modify product: Uncharacterized protein Rv2560 => putative protein
[10:10:37] Modify product: Uncharacterized NTE family protein Rv2565 => putative NTE family protein
[10:10:37] Modify product: Uncharacterized protein Rv2567 => putative protein
[10:10:37] Modify product: Uncharacterized protein Rv2568c => putative protein
[10:10:37] Modify product: Uncharacterized protein Rv2569c => putative protein
[10:10:37] Modify product: Uncharacterized protein Rv2571c => putative protein
[10:10:37] Modify product: Uncharacterized protein Rv2574 => putative protein
[10:10:37] Modify product: Uncharacterized protein Rv2575 => putative protein
[10:10:37] Modify product: Uncharacterized protein Rv2576c => putative protein
[10:10:37] Modify product: Uncharacterized protein Rv2581c => putative protein
[10:10:37] Modify product: Probable peptidyl-prolyl cis-trans isomerase B => putative peptidyl-prolyl cis-trans isomerase B
[10:10:37] Modify product: Uncharacterized lipoprotein Rv2585c => putative lipoprotein
[10:10:37] Modify product: Uncharacterized protein Rv2597 => putative protein
[10:10:37] Modify product: Uncharacterized protein Rv2599 => putative protein
[10:10:37] Modify product: Probable transcriptional regulatory protein Rv2603c => putative transcriptional regulatory protein
[10:10:37] Modify product: Uncharacterized PPE family protein PPE42 => putative PPE family protein PPE42
[10:10:37] Modify product: Universal stress protein Rv2623 => Universal stress protein
[10:10:37] Modify product: Universal stress protein Rv2624c => Universal stress protein
[10:10:37] Modify product: Putative uncharacterized protein Rv2628 => Putative uncharacterized protein
[10:10:37] Modify product: Uncharacterized protein Rv2629 => putative protein
[10:10:37] Modify product: Probable protein archease => putative protein archease
[10:10:37] Modify product: Uncharacterized protein Rv2632c => putative protein
[10:10:37] Modify product: Uncharacterized protein Rv2633c => putative protein
[10:10:37] Modify product: Putative O-phosphotransferase Rv2636 => Putative O-phosphotransferase
[10:10:37] Modify product: Uncharacterized membrane protein Rv2637 => putative membrane protein
[10:10:37] Modify product: Uncharacterized protein Rv2645 => putative protein
[10:10:37] Modify product: Antitoxin Rv2654c => Antitoxin
[10:10:37] Modify product: Uncharacterized protein Rv2658c => putative protein
[10:10:37] Modify product: Uncharacterized protein Rv2676c => putative protein
[10:10:37] Modify product: Probable enoyl-CoA hydratase echA12 => putative enoyl-CoA hydratase echA12
[10:10:37] Modify product: Fluoroquinolones export permease protein Rv2686c => Fluoroquinolones export permease protein
[10:10:37] Modify product: Fluoroquinolones export permease protein Rv2687c => Fluoroquinolones export permease protein
[10:10:37] Modify product: Fluoroquinolones export ATP-binding protein Rv2688c => Fluoroquinolones export ATP-binding protein
[10:10:37] Modify product: Uncharacterized protein BCG_0605c => putative protein
[10:10:37] Modify product: Probable hercynylcysteine sulfoxide lyase => putative hercynylcysteine sulfoxide lyase
[10:10:37] Modify product: Nucleoid-associated protein Rv3716c => Nucleoid-associated protein
[10:10:37] Modify product: N-acetylmuramoyl-L-alanine amidase Rv3717 => N-acetylmuramoyl-L-alanine amidase
[10:10:37] Modify product: Probable fatty acid methyltransferase Rv3720 => putative fatty acid methyltransferase
[10:10:37] Modify product: Putative aminotransferase MSMEG_6286/MSMEI_6121 => Putative aminotransferase/MSMEI_6121
[10:10:37] Modify product: Probable cutinase Rv1984c => putative cutinase
[10:10:37] Modify product: Probable diacyglycerol O-acyltransferase tgs2 => putative diacyglycerol O-acyltransferase tgs2
[10:10:37] Modify product: Uncharacterized PPE family protein PPE47/PPE48 => putative PPE family protein PPE47/PPE48
[10:10:37] Modify product: Putative diacyglycerol O-acyltransferase Rv3740c => Putative diacyglycerol O-acyltransferase
[10:10:37] Modify product: Probable cation-transporting P-type ATPase J => putative cation-transporting P-type ATPase J
[10:10:37] Modify product: Uncharacterized membrane protein Rv3760 => putative membrane protein
[10:10:37] Modify product: Probable sensor histidine kinase TcrY => putative sensor histidine kinase TcrY
[10:10:37] Modify product: Probable transcriptional regulatory protein TcrX => putative transcriptional regulatory protein TcrX
[10:10:37] Modify product: Uncharacterized protein Rv3766 => putative protein
[10:10:37] Modify product: Putative S-adenosyl-L-methionine-dependent methyltransferase Rv3767c => Putative S-adenosyl-L-methionine-dependent methyltransferase
[10:10:37] Modify product: Probable enoyl-CoA hydratase echA8 => putative enoyl-CoA hydratase echA8
[10:10:37] Modify product: Uncharacterized protein Rv3778c => putative protein
[10:10:37] Modify product: Putative S-adenosyl-L-methionine-dependent methyltransferase Rv3787c => Putative S-adenosyl-L-methionine-dependent methyltransferase
[10:10:37] Modify product: Uncharacterized protein Rv3788 => putative protein
[10:10:37] Modify product: Arabinogalactan biosynthesis recruiting protein Rv3789 => Arabinogalactan biosynthesis recruiting protein
[10:10:37] Modify product: Probable arabinosyltransferase C => putative arabinosyltransferase C
[10:10:37] Modify product: Probable arabinosyltransferase A => putative arabinosyltransferase A
[10:10:37] Modify product: Probable arabinosyltransferase B => putative arabinosyltransferase B
[10:10:37] Modify product: Probable propionyl-CoA carboxylase beta chain 5 => putative propionyl-CoA carboxylase beta chain 5
[10:10:37] Modify product: Putative decaprenylphosphoryl-5-phosphoribose phosphatase Rv3807c => Putative decaprenylphosphoryl-5-phosphoribose phosphatase
[10:10:37] Modify product: Putative Rieske 2Fe-2S iron-sulfur protein Rv3818 => Putative Rieske 2Fe-2S iron-sulfur protein
[10:10:37] Modify product: Probable glycerophosphodiester phosphodiesterase 1 => putative glycerophosphodiester phosphodiesterase 1
[10:10:37] Modify product: Probable transcriptional regulator WhiB6 => putative transcriptional regulator WhiB6
[10:10:37] Modify product: Uncharacterized protein Rv2082 => putative protein
[10:10:37] Modify product: Probable cutinase cut3 => putative cutinase cut3
[10:10:37] Modify product: Probable cutinase cut3 => putative cutinase cut3
[10:10:37] Modify product: Uncharacterized membrane protein Rv3479 => putative membrane protein
[10:10:37] Modify product: Putative diacyglycerol O-acyltransferase Rv3480c => Putative diacyglycerol O-acyltransferase
[10:10:37] Modify product: Uncharacterized membrane protein Rv3486 => putative membrane protein
[10:10:37] Modify product: Transcriptional regulator Rv3488 => Transcriptional regulator
[10:10:37] Modify product: Putative short-chain type dehydrogenase/reductase Rv0148 => Putative short-chain type dehydrogenase/reductase
[10:10:37] Modify product: Putative coenzyme F420-dependent oxidoreductase Rv3520c => Putative coenzyme F420-dependent oxidoreductase
[10:10:37] Modify product: Uncharacterized PPE family protein PPE51 => putative PPE family protein PPE51
[10:10:37] Modify product: Uncharacterized PPE family protein PPE40 => putative PPE family protein PPE40
[10:10:37] Modify product: Putative short-chain type dehydrogenase/reductase Rv0148 => Putative short-chain type dehydrogenase/reductase
[10:10:37] Modify product: Putative CoA-transferase subunit alpha Rv3551 => Putative CoA-transferase subunit alpha
[10:10:37] Modify product: Putative CoA-transferase subunit beta Rv3552 => Putative CoA-transferase subunit beta
[10:10:37] Modify product: Uncharacterized oxidoreductase Rv1350 => putative oxidoreductase
[10:10:37] Modify product: Carboxypeptidase Rv3627c => Carboxypeptidase
[10:10:37] Modify product: Uncharacterized protein Rv3633 => putative protein
[10:10:37] Modify product: Probable protein adenylyltransferase Fic => putative protein adenylyltransferase Fic
[10:10:37] Modify product: Uncharacterized PE-PGRS family protein PE_PGRS24 => putative PE-PGRS family protein PE_PGRS24
[10:10:37] Modify product: Apoptosis inhibitor Rv3654c => Apoptosis inhibitor
[10:10:37] Modify product: Apoptosis inhibitor Rv3655c => Apoptosis inhibitor
[10:10:37] Modify product: Putative conjugal transfer protein Rv3659c => Putative conjugal transfer protein
[10:10:37] Modify product: Uncharacterized protein Rv3660c => putative protein
[10:10:37] Modify product: Probable phosphatase Rv3661 => putative phosphatase
[10:10:37] Modify product: Serine protease Rv3671c => Serine protease
[10:10:37] Modify product: Putative ATPase Rv3679 => Putative ATPase
[10:10:37] Modify product: Uncharacterized protein YqeY => putative protein YqeY
[10:10:37] Modify product: Uncharacterized membrane protein Rv3691 => putative membrane protein
[10:10:37] Cleaned 624 /product names
[10:10:37] Deleting unwanted file: PROKKA_12132024/PROKKA_12132024.sprot.tmp.102315.faa
[10:10:37] Deleting unwanted file: PROKKA_12132024/PROKKA_12132024.sprot.tmp.102315.blast
[10:10:39] There are still 1935 unannotated CDS left (started with 4137)
[10:10:39] Will use hmmer3 to search against /home/gsi/anaconda3/envs/prokka/db/hmm/HAMAP.hmm with 8 CPUs
[10:10:39] Running: cat PROKKA_12132024\/PROKKA_12132024\.HAMAP\.hmm\.tmp\.102315\.faa | parallel --gnu --plain -j 8 --block 28127 --recstart '>' --pipe hmmscan --noali --notextw --acc -E 1e-09 --cpu 1 /home/gsi/anaconda3/envs/prokka/db/hmm/HAMAP.hmm /dev/stdin > PROKKA_12132024\/PROKKA_12132024\.HAMAP\.hmm\.tmp\.102315\.hmmer3 2> /dev/null
[10:10:56] Modify product: Uncharacterized Nudix hydrolase NudL => putative Nudix hydrolase NudL
[10:10:56] Cleaned 1 /product names
[10:10:56] Deleting unwanted file: PROKKA_12132024/PROKKA_12132024.HAMAP.hmm.tmp.102315.faa
[10:10:56] Deleting unwanted file: PROKKA_12132024/PROKKA_12132024.HAMAP.hmm.tmp.102315.hmmer3
[10:10:56] Labelling remaining 1769 proteins as 'hypothetical protein'
[10:10:56] Possible /pseudo 'putative protein' at ERR12488031_1 position 52810
[10:10:56] Possible /pseudo 'Putative S-adenosyl-L-methionine-dependent methyltransferase' at ERR12488031_1 position 172211
[10:10:56] Possible /pseudo 'PE family protein PE3' at ERR12488031_1 position 188874
[10:10:56] Possible /pseudo 'putative protein' at ERR12488031_1 position 588325
[10:10:56] Possible /pseudo 'putative protein' at ERR12488031_1 position 589183
[10:10:56] Possible /pseudo 'putative protein' at ERR12488031_1 position 592791
[10:10:56] Possible /pseudo 'putative protein' at ERR12488031_1 position 650779
[10:10:56] Possible /pseudo 'putative oxidoreductase' at ERR12488031_1 position 863319
[10:10:56] Possible /pseudo 'Dipeptidyl aminopeptidase BI' at ERR12488031_1 position 874882
[10:10:56] Possible /pseudo 'putative protein' at ERR12488031_1 position 974291
[10:10:56] Possible /pseudo 'putative protein' at ERR12488031_1 position 976075
[10:10:56] Possible /pseudo 'Putative HTH-type transcriptional regulator' at ERR12488031_1 position 990158
[10:10:56] Possible /pseudo 'putative protein' at ERR12488031_1 position 1002441
[10:10:56] Possible /pseudo 'ISNCY family transposase ISRjo3' at ERR12488031_1 position 1159375
[10:10:56] Possible /pseudo 'Para-nitrobenzyl esterase' at ERR12488031_1 position 1232311
[10:10:56] Possible /pseudo '1,2-epoxyphenylacetyl-CoA isomerase' at ERR12488031_1 position 1269152
[10:10:56] Possible /pseudo 'Trehalose monomycolate exporter MmpL3' at ERR12488031_1 position 1273298
[10:10:56] Possible /pseudo 'Putative peptide transport permease protein' at ERR12488031_1 position 1436140
[10:10:56] Possible /pseudo 'putative protein' at ERR12488031_1 position 1442767
[10:10:56] Possible /pseudo 'putative protein' at ERR12488031_1 position 1443482
[10:10:56] Possible /pseudo 'putative protein' at ERR12488031_1 position 1533921
[10:10:56] Possible /pseudo 'putative protein' at ERR12488031_1 position 1534607
[10:10:56] Possible /pseudo 'putative protein' at ERR12488031_1 position 1535683
[10:10:56] Possible /pseudo 'Carboxylesterase NlhH' at ERR12488031_1 position 1575834
[10:10:56] Possible /pseudo 'Putative thioredoxin 2' at ERR12488031_1 position 1659370
[10:10:56] Possible /pseudo 'putative protein' at ERR12488031_1 position 1692924
[10:10:56] Possible /pseudo 'dTDP-4-amino-4,6-dideoxygalactose transaminase' at ERR12488031_1 position 1694545
[10:10:56] Possible /pseudo 'putative oxidoreductase' at ERR12488031_1 position 1746094
[10:10:56] Possible /pseudo 'putative protein' at ERR12488031_1 position 1791570
[10:10:56] Possible /pseudo 'putative HTH-type transcriptional regulator' at ERR12488031_1 position 2074886
[10:10:56] Possible /pseudo 'Putative S-adenosyl-L-methionine-dependent methyltransferase' at ERR12488031_1 position 2138661
[10:10:56] Possible /pseudo 'putative protein' at ERR12488031_1 position 2233296
[10:10:56] Possible /pseudo 'putative protein' at ERR12488031_1 position 2470622
[10:10:56] Possible /pseudo 'putative protein' at ERR12488031_1 position 2511690
[10:10:56] Possible /pseudo 'Apolipoprotein N-acyltransferase' at ERR12488031_1 position 2534470
[10:10:56] Possible /pseudo 'putative protein' at ERR12488031_1 position 2708310
[10:10:56] Possible /pseudo 'putative protein' at ERR12488031_1 position 2892446
[10:10:56] Possible /pseudo 'putative protein' at ERR12488031_1 position 2893464
[10:10:56] Possible /pseudo 'putative protein' at ERR12488031_1 position 2899339
[10:10:56] Possible /pseudo 'putative protein' at ERR12488031_1 position 2900226
[10:10:56] Possible /pseudo 'Universal stress protein' at ERR12488031_1 position 2950489
[10:10:56] Possible /pseudo 'putative protein' at ERR12488031_1 position 2959335
[10:10:56] Possible /pseudo 'Fluoroquinolones export permease protein' at ERR12488031_1 position 3004035
[10:10:56] Possible /pseudo 'Trk system potassium uptake protein TrkA' at ERR12488031_1 position 3010024
[10:10:56] Possible /pseudo 'putative protein' at ERR12488031_1 position 3029172
[10:10:56] Possible /pseudo 'Hydrogenase maturation factor HypB' at ERR12488031_1 position 3168212
[10:10:56] Possible /pseudo 'putative protein' at ERR12488031_1 position 3241222
[10:10:56] Possible /pseudo 'ISNCY family transposase ISBli16' at ERR12488031_1 position 3493600
[10:10:56] Possible /pseudo 'Crotonobetainyl-CoA reductase' at ERR12488031_1 position 3506790
[10:10:56] Possible /pseudo 'ATP-dependent DNA helicase Rep' at ERR12488031_1 position 3577033
[10:10:56] Possible /pseudo '1-deoxy-D-xylulose-5-phosphate synthase' at ERR12488031_1 position 3794812
[10:10:56] Possible /pseudo 'putative cutinase cut3' at ERR12488031_1 position 3873605
[10:10:56] Possible /pseudo 'Apoptosis inhibitor' at ERR12488031_1 position 4094923
[10:10:56] Possible /pseudo 'Choline transport system permease protein OpuBB' at ERR12488031_1 position 4202610
[10:10:56] Found 1445 unique /gene codes.
[10:10:56] Fixed 2 duplicate /gene - araQ_1 araQ_2
[10:10:56] Fixed 2 duplicate /gene - tagU_1 tagU_2
[10:10:56] Fixed 2 duplicate /gene - moeZ_1 moeZ_2
[10:10:56] Fixed 2 duplicate /gene - echA8_1 echA8_2
[10:10:56] Fixed 2 duplicate /gene - ttgV_1 ttgV_2
[10:10:56] Fixed 5 duplicate /gene - menE_1 menE_2 menE_3 menE_4 menE_5
[10:10:56] Fixed 2 duplicate /gene - lcpA_1 lcpA_2
[10:10:56] Fixed 3 duplicate /gene - espI_1 espI_2 espI_3
[10:10:56] Fixed 2 duplicate /gene - resA_1 resA_2
[10:10:56] Fixed 2 duplicate /gene - amiD_1 amiD_2
[10:10:56] Fixed 2 duplicate /gene - uctC_1 uctC_2
[10:10:56] Fixed 2 duplicate /gene - inhA_1 inhA_2
[10:10:56] Fixed 2 duplicate /gene - aspC_1 aspC_2
[10:10:56] Fixed 2 duplicate /gene - ppm1_1 ppm1_2
[10:10:56] Fixed 2 duplicate /gene - acdA_1 acdA_2
[10:10:56] Fixed 2 duplicate /gene - tam_1 tam_2
[10:10:56] Fixed 2 duplicate /gene - rpsR1_1 rpsR1_2
[10:10:56] Fixed 2 duplicate /gene - kstR2_1 kstR2_2
[10:10:56] Fixed 2 duplicate /gene - COQ5_1 COQ5_2
[10:10:56] Fixed 2 duplicate /gene - ddn_1 ddn_2
[10:10:56] Fixed 2 duplicate /gene - carB_1 carB_2
[10:10:56] Fixed 2 duplicate /gene - crt_1 crt_2
[10:10:56] Fixed 2 duplicate /gene - tesB_1 tesB_2
[10:10:56] Fixed 2 duplicate /gene - moaE2_1 moaE2_2
[10:10:56] Fixed 2 duplicate /gene - eccC5_1 eccC5_2
[10:10:56] Fixed 3 duplicate /gene - ethA_1 ethA_2 ethA_3
[10:10:56] Fixed 2 duplicate /gene - dnaK_1 dnaK_2
[10:10:56] Fixed 3 duplicate /gene - dap_1 dap_2 dap_3
[10:10:56] Fixed 3 duplicate /gene - mshA_1 mshA_2 mshA_3
[10:10:56] Fixed 2 duplicate /gene - ugpA_1 ugpA_2
[10:10:56] Fixed 3 duplicate /gene - lcfB_1 lcfB_2 lcfB_3
[10:10:56] Fixed 3 duplicate /gene - mmpL3_1 mmpL3_2 mmpL3_3
[10:10:56] Fixed 2 duplicate /gene - rsfA_1 rsfA_2
[10:10:56] Fixed 2 duplicate /gene - rbn_1 rbn_2
[10:10:56] Fixed 5 duplicate /gene - mmgC_1 mmgC_2 mmgC_3 mmgC_4 mmgC_5
[10:10:56] Fixed 2 duplicate /gene - mntR_1 mntR_2
[10:10:56] Fixed 2 duplicate /gene - drrA_1 drrA_2
[10:10:56] Fixed 2 duplicate /gene - mshC_1 mshC_2
[10:10:56] Fixed 4 duplicate /gene - gloB_1 gloB_2 gloB_3 gloB_4
[10:10:56] Fixed 2 duplicate /gene - csoR_1 csoR_2
[10:10:56] Fixed 2 duplicate /gene - paaG_1 paaG_2
[10:10:56] Fixed 2 duplicate /gene - mmpS3_1 mmpS3_2
[10:10:56] Fixed 2 duplicate /gene - car_1 car_2
[10:10:56] Fixed 2 duplicate /gene - dinG_1 dinG_2
[10:10:56] Fixed 2 duplicate /gene - hisB_1 hisB_2
[10:10:56] Fixed 2 duplicate /gene - narX_1 narX_2
[10:10:56] Fixed 2 duplicate /gene - trxC_1 trxC_2
[10:10:56] Fixed 2 duplicate /gene - accA1_1 accA1_2
[10:10:56] Fixed 2 duplicate /gene - lprJ_1 lprJ_2
[10:10:56] Fixed 3 duplicate /gene - tcrX_1 tcrX_2 tcrX_3
[10:10:56] Fixed 2 duplicate /gene - cysG_1 cysG_2
[10:10:56] Fixed 2 duplicate /gene - opuBB_1 opuBB_2
[10:10:56] Fixed 5 duplicate /gene - aes_1 aes_2 aes_3 aes_4 aes_5
[10:10:56] Fixed 2 duplicate /gene - rep_1 rep_2
[10:10:56] Fixed 2 duplicate /gene - moaC1_1 moaC1_2
[10:10:56] Fixed 2 duplicate /gene - argD_1 argD_2
[10:10:56] Fixed 3 duplicate /gene - xerC_1 xerC_2 xerC_3
[10:10:56] Fixed 2 duplicate /gene - cobB_1 cobB_2
[10:10:56] Fixed 3 duplicate /gene - sadH_1 sadH_2 sadH_3
[10:10:56] Fixed 2 duplicate /gene - vapC3_1 vapC3_2
[10:10:56] Fixed 2 duplicate /gene - higB2_1 higB2_2
[10:10:56] Fixed 2 duplicate /gene - hsaA_1 hsaA_2
[10:10:56] Fixed 2 duplicate /gene - hepT_1 hepT_2
[10:10:56] Fixed 2 duplicate /gene - egtC_1 egtC_2
[10:10:56] Fixed 2 duplicate /gene - msiK_1 msiK_2
[10:10:56] Fixed 2 duplicate /gene - moaA_1 moaA_2
[10:10:56] Fixed 2 duplicate /gene - frdB_1 frdB_2
[10:10:56] Fixed 2 duplicate /gene - ctpI_1 ctpI_2
[10:10:56] Fixed 2 duplicate /gene - pyrE_1 pyrE_2
[10:10:56] Fixed 2 duplicate /gene - higA2_1 higA2_2
[10:10:56] Fixed 2 duplicate /gene - sap_1 sap_2
[10:10:56] Fixed 2 duplicate /gene - vapC9_1 vapC9_2
[10:10:56] Fixed 2 duplicate /gene - nei1_1 nei1_2
[10:10:56] Fixed 2 duplicate /gene - trkA_1 trkA_2
[10:10:56] Fixed 2 duplicate /gene - PPE4_1 PPE4_2
[10:10:56] Fixed 2 duplicate /gene - nlhH_1 nlhH_2
[10:10:56] Fixed 2 duplicate /gene - qorA_1 qorA_2
[10:10:56] Fixed 2 duplicate /gene - wecE_1 wecE_2
[10:10:56] Fixed 2 duplicate /gene - menA_1 menA_2
[10:10:56] Fixed 2 duplicate /gene - ftsH_1 ftsH_2
[10:10:56] Fixed 3 duplicate /gene - pnbA_1 pnbA_2 pnbA_3
[10:10:56] Fixed 2 duplicate /gene - vapC5_1 vapC5_2
[10:10:56] Fixed 2 duplicate /gene - rpmG2_1 rpmG2_2
[10:10:56] Fixed 2 duplicate /gene - accD5_1 accD5_2
[10:10:56] Fixed 2 duplicate /gene - tadA_1 tadA_2
[10:10:56] Fixed 2 duplicate /gene - glmU_1 glmU_2
[10:10:56] Fixed 2 duplicate /gene - mfd_1 mfd_2
[10:10:56] Fixed 2 duplicate /gene - hypB_1 hypB_2
[10:10:56] Fixed 2 duplicate /gene - menB_1 menB_2
[10:10:56] Fixed 2 duplicate /gene - htpX_1 htpX_2
[10:10:56] Fixed 2 duplicate /gene - pknD_1 pknD_2
[10:10:56] Fixed 2 duplicate /gene - fadD3_1 fadD3_2
[10:10:56] Fixed 3 duplicate /gene - lprN_1 lprN_2 lprN_3
[10:10:56] Fixed 2 duplicate /gene - argO_1 argO_2
[10:10:56] Fixed 3 duplicate /gene - fadA_1 fadA_2 fadA_3
[10:10:56] Fixed 2 duplicate /gene - cut3_1 cut3_2
[10:10:56] Fixed 4 duplicate /gene - hcaB_1 hcaB_2 hcaB_3 hcaB_4
[10:10:56] Fixed 2 duplicate /gene - sdhA_1 sdhA_2
[10:10:56] Fixed 2 duplicate /gene - priA_1 priA_2
[10:10:56] Fixed 3 duplicate /gene - lipY_1 lipY_2 lipY_3
[10:10:56] Fixed 2 duplicate /gene - menF_1 menF_2
[10:10:56] Fixed 2 duplicate /gene - yhdG_1 yhdG_2
[10:10:56] Fixed 2 duplicate /gene - fgd1_1 fgd1_2
[10:10:56] Fixed 2 duplicate /gene - fdxA_1 fdxA_2
[10:10:56] Fixed 2 duplicate /gene - fabG2_1 fabG2_2
[10:10:56] Fixed 2 duplicate /gene - COQ3_1 COQ3_2
[10:10:56] Fixed 2 duplicate /gene - betI_1 betI_2
[10:10:56] Fixed 2 duplicate /gene - ettA_1 ettA_2
[10:10:56] Fixed 2 duplicate /gene - dapb1_1 dapb1_2
[10:10:56] Fixed 3 duplicate /gene - hmp_1 hmp_2 hmp_3
[10:10:56] Fixed 5 duplicate /gene - caiA_1 caiA_2 caiA_3 caiA_4 caiA_5
[10:10:56] Fixed 3 duplicate /gene - dxs_1 dxs_2 dxs_3
[10:10:56] Fixed 2 duplicate /gene - PE3_1 PE3_2
[10:10:56] Fixed 5 duplicate /gene - mdtD_1 mdtD_2 mdtD_3 mdtD_4 mdtD_5
[10:10:56] Fixed 2 duplicate /gene - lysX_1 lysX_2
[10:10:56] Fixed 2 duplicate /gene - adhB_1 adhB_2
[10:10:56] Fixed 2 duplicate /gene - ribBA_1 ribBA_2
[10:10:56] Fixed 2 duplicate /gene - dhmA2_1 dhmA2_2
[10:10:56] Fixed 2 duplicate /gene - bacC_1 bacC_2
[10:10:56] Fixed 2 duplicate /gene - rutD_1 rutD_2
[10:10:56] Fixed 2 duplicate /gene - mmpL8_1 mmpL8_2
[10:10:56] Fixed 2 duplicate /gene - ethR_1 ethR_2
[10:10:56] Fixed 2 duplicate /gene - lpdA_1 lpdA_2
[10:10:56] Fixed 2 duplicate /gene - mmpS4_1 mmpS4_2
[10:10:56] Fixed 3 duplicate /gene - narK_1 narK_2 narK_3
[10:10:56] Fixed 2 duplicate /gene - mmpL2_1 mmpL2_2
[10:10:56] Fixed 3 duplicate /gene - ephA_1 ephA_2 ephA_3
[10:10:56] Fixed 2 duplicate /gene - rpmB_1 rpmB_2
[10:10:56] Fixed 2 duplicate /gene - eccB3_1 eccB3_2
[10:10:56] Fixed 2 duplicate /gene - ligD_1 ligD_2
[10:10:56] Fixed 3 duplicate /gene - dapE_1 dapE_2 dapE_3
[10:10:56] Fixed 2 duplicate /gene - dinB1_1 dinB1_2
[10:10:56] Fixed 2 duplicate /gene - lnt_1 lnt_2
[10:10:56] Fixed 2 duplicate /gene - dhaA_1 dhaA_2
[10:10:56] Fixed 2 duplicate /gene - hutI_1 hutI_2
[10:10:56] Fixed 2 duplicate /gene - cysW_1 cysW_2
[10:10:56] Fixed 3 duplicate /gene - bpoC_1 bpoC_2 bpoC_3
[10:10:56] Fixed 2 duplicate /gene - virS_1 virS_2
[10:10:56] Fixed 2 duplicate /gene - caeB_1 caeB_2
[10:10:56] Fixed 5 duplicate /gene - caiD_1 caiD_2 caiD_3 caiD_4 caiD_5
[10:10:56] Fixed 2 duplicate /gene - deaD_1 deaD_2
[10:10:56] Fixed 2 duplicate /gene - tcrY_1 tcrY_2
[10:10:56] Fixed 142 colliding /gene names.
[10:10:56] Adding /locus_tag identifiers
[10:10:56] Assigned 4190 locus_tags to CDS and RNA features.
[10:10:56] Writing outputs to PROKKA_12132024/
[10:11:00] Generating annotation statistics file
[10:11:00] Generating Genbank and Sequin files
[10:11:00] Running: tbl2asn -V b -a r10k -l paired-ends -M n -N 1 -y 'Annotated using prokka 1.14.6 from https://github.com/tseemann/prokka' -Z PROKKA_12132024\/PROKKA_12132024\.err -i PROKKA_12132024\/PROKKA_12132024\.fsa 2> /dev/null
[10:11:05] Deleting unwanted file: PROKKA_12132024/errorsummary.val
[10:11:05] Deleting unwanted file: PROKKA_12132024/PROKKA_12132024.dr
[10:11:05] Deleting unwanted file: PROKKA_12132024/PROKKA_12132024.fixedproducts
[10:11:05] Deleting unwanted file: PROKKA_12132024/PROKKA_12132024.ecn
[10:11:05] Deleting unwanted file: PROKKA_12132024/PROKKA_12132024.val
[10:11:05] Repairing broken .GBK output that tbl2asn produces...
[10:11:05] Running: sed 's/COORDINATES: profile/COORDINATES:profile/' < PROKKA_12132024\/PROKKA_12132024\.gbf > PROKKA_12132024\/PROKKA_12132024\.gbk
[10:11:05] Deleting unwanted file: PROKKA_12132024/PROKKA_12132024.gbf
[10:11:05] Output files:
[10:11:05] PROKKA_12132024/PROKKA_12132024.txt
[10:11:05] PROKKA_12132024/PROKKA_12132024.tbl
[10:11:05] PROKKA_12132024/PROKKA_12132024.err
[10:11:05] PROKKA_12132024/PROKKA_12132024.sqn
[10:11:05] PROKKA_12132024/PROKKA_12132024.gbk
[10:11:05] PROKKA_12132024/PROKKA_12132024.fna
[10:11:05] PROKKA_12132024/PROKKA_12132024.faa
[10:11:05] PROKKA_12132024/PROKKA_12132024.fsa
[10:11:05] PROKKA_12132024/PROKKA_12132024.gff
[10:11:05] PROKKA_12132024/PROKKA_12132024.tsv
[10:11:05] PROKKA_12132024/PROKKA_12132024.ffn
[10:11:05] PROKKA_12132024/PROKKA_12132024.log
[10:11:05] Annotation finished successfully.
[10:11:05] Walltime used: 1.60 minutes
[10:11:05] If you use this result please cite the Prokka paper:
[10:11:05] Seemann T (2014) Prokka: rapid prokaryotic genome annotation. Bioinformatics. 30(14):2068-9.
[10:11:05] Type 'prokka --citation' for more details.
[10:11:05] Thank you, come again.
